
Showing logs for build [32maftouh-jx-quickstart-master-rel-3[0m stage [32mmeta-pipeline[0m and container [32mstep-credential-initializer-wqw4k[0m
{"level":"warn","ts":1567172142.6965117,"logger":"fallback-logger","caller":"logging/config.go:69","msg":"Fetch GitHub commit ID from kodata failed: \"ref: refs/heads/master\" is not a valid GitHub commit ID"}
{"level":"info","ts":1567172142.697271,"logger":"fallback-logger","caller":"creds-init/main.go:40","msg":"Credentials initialized."}

Showing logs for build [32maftouh-jx-quickstart-master-rel-3[0m stage [32mmeta-pipeline[0m and container [32mstep-working-dir-initializer-7tk97[0m
{"level":"warn","ts":1567172143.27501,"logger":"fallback-logger","caller":"logging/config.go:69","msg":"Fetch GitHub commit ID from kodata failed: open /var/run/ko/HEAD: no such file or directory"}
{"level":"info","ts":1567172143.2769113,"logger":"fallback-logger","caller":"bash/main.go:65","msg":"Successfully executed command \"mkdir -p /workspace/source\""}

Showing logs for build [32maftouh-jx-quickstart-master-rel-3[0m stage [32mmeta-pipeline[0m and container [32mstep-place-tools[0m

Showing logs for build [32maftouh-jx-quickstart-master-rel-3[0m stage [32mmeta-pipeline[0m and container [32mstep-git-source-meta-aftouh-jx-quickstart-maste-8q7x9[0m
{"level":"warn","ts":1567172148.3559473,"logger":"fallback-logger","caller":"logging/config.go:69","msg":"Fetch GitHub commit ID from kodata failed: \"ref: refs/heads/master\" is not a valid GitHub commit ID"}
{"level":"info","ts":1567172149.5821002,"logger":"fallback-logger","caller":"git/git.go:102","msg":"Successfully cloned https://github.com/******/**-quickstart.git @ 5eae17c00d50df1906ae419300ebc89a8e1a0914 in path /workspace/source"}

Showing logs for build [32maftouh-jx-quickstart-master-rel-3[0m stage [32mmeta-pipeline[0m and container [32mstep-git-merge[0m
Using SHAs from PULL_REFS=master:5eae17c00d50df1906ae419300ebc89a8e1a0914
WARNING: no SHAs to merge, falling back to initial cloned commit

Showing logs for build [32maftouh-jx-quickstart-master-rel-3[0m stage [32mmeta-pipeline[0m and container [32mstep-merge-pull-refs[0m
SKIP merge-pull-refs: Nothing to merge

Showing logs for build [32maftouh-jx-quickstart-master-rel-3[0m stage [32mmeta-pipeline[0m and container [32mstep-create-effective-pipeline[0m
Deleting and cloning the Jenkins X versions repo
Cloning the Jenkins X versions repo https://github.com/jenkins-x/jenkins-x-versions.git with ref refs/heads/master to /builder/home/.**/jenkins-x-versions
Effective pipeline written to jenkins-x-release-effective.yml

Showing logs for build [32maftouh-jx-quickstart-master-rel-3[0m stage [32mmeta-pipeline[0m and container [32mstep-create-tekton-crds[0m
running command: echo \$(**-release-version) > VERSION

running command: ** step tag --version \$(cat VERSION)
Updating chart version in charts/**-quickstart/Chart.yaml to 0.0.1
Updating repository in charts/**-quickstart/values.yaml to eu.gcr.io/wp04-infra-gcp/******/**-quickstart
Updating tag in charts/**-quickstart/values.yaml to 0.0.1
Tag v0.0.1 created and pushed to remote origin

WARNING: failed to find secret kaniko-secret in namespace **: secrets "kaniko-secret" not found
PipelineActivity for ******-**-quickstart-master-3
Applying changes 
upserted PipelineResource ******-**-quickstart-master-rel for the git repository https://github.com/******/**-quickstart.git
upserted Task ******-**-quickstart-master-rel-from-build-pack-3
upserted Pipeline ******-**-quickstart-master-rel-3
created PipelineRun ******-**-quickstart-master-rel-3
created PipelineStructure ******-**-quickstart-master-rel-3

Showing logs for build [32maftouh-jx-quickstart-master-rel-3[0m stage [32mfrom-build-pack[0m and container [32mstep-credential-initializer-bqdjz[0m
{"level":"warn","ts":1567172167.3401332,"logger":"fallback-logger","caller":"logging/config.go:69","msg":"Fetch GitHub commit ID from kodata failed: \"ref: refs/heads/master\" is not a valid GitHub commit ID"}
{"level":"info","ts":1567172167.3409681,"logger":"fallback-logger","caller":"creds-init/main.go:40","msg":"Credentials initialized."}

Showing logs for build [32maftouh-jx-quickstart-master-rel-3[0m stage [32mfrom-build-pack[0m and container [32mstep-working-dir-initializer-cbmqh[0m
{"level":"warn","ts":1567172170.6030421,"logger":"fallback-logger","caller":"logging/config.go:69","msg":"Fetch GitHub commit ID from kodata failed: open /var/run/ko/HEAD: no such file or directory"}
{"level":"info","ts":1567172170.6046474,"logger":"fallback-logger","caller":"bash/main.go:65","msg":"Successfully executed command \"mkdir -p /workspace/source /workspace/source/charts/**-quickstart\""}

Showing logs for build [32maftouh-jx-quickstart-master-rel-3[0m stage [32mfrom-build-pack[0m and container [32mstep-place-tools[0m

Showing logs for build [32maftouh-jx-quickstart-master-rel-3[0m stage [32mfrom-build-pack[0m and container [32mstep-git-source-aftouh-jx-quickstart-master-rel-5n9z2[0m
{"level":"warn","ts":1567172214.6414964,"logger":"fallback-logger","caller":"logging/config.go:69","msg":"Fetch GitHub commit ID from kodata failed: \"ref: refs/heads/master\" is not a valid GitHub commit ID"}
{"level":"info","ts":1567172215.860477,"logger":"fallback-logger","caller":"git/git.go:102","msg":"Successfully cloned https://github.com/******/**-quickstart.git @ v0.0.1 in path /workspace/source"}

Showing logs for build [32maftouh-jx-quickstart-master-rel-3[0m stage [32mfrom-build-pack[0m and container [32mstep-git-merge[0m
Using SHAs from PULL_REFS=master:5eae17c00d50df1906ae419300ebc89a8e1a0914
WARNING: no SHAs to merge, falling back to initial cloned commit

Showing logs for build [32maftouh-jx-quickstart-master-rel-3[0m stage [32mfrom-build-pack[0m and container [32mstep-setup-jx-git-credentials[0m
Generated Git credentials file /workspace/xdg_config/git/credentials

Showing logs for build [32maftouh-jx-quickstart-master-rel-3[0m stage [32mfrom-build-pack[0m and container [32mstep-build-make-build[0m
CGO_ENABLED=0 GO15VENDOREXPERIMENT=1 go build -ldflags '' -o bin/**-quickstart main.go

Showing logs for build [32maftouh-jx-quickstart-master-rel-3[0m stage [32mfrom-build-pack[0m and container [32mstep-build-container-build[0m
[36mINFO[0m[0000] No base image, nothing to extract            
[36mINFO[0m[0000] cmd: EXPOSE                                  
[36mINFO[0m[0000] Adding exposed port: 8080/tcp                
[36mINFO[0m[0000] Using files from context: [/workspace/source/bin] 
[36mINFO[0m[0000] Skipping unpacking as no commands require it. 
[36mINFO[0m[0000] Taking snapshot of full filesystem...        
[36mINFO[0m[0000] EXPOSE 8080                                  
[36mINFO[0m[0000] cmd: EXPOSE                                  
[36mINFO[0m[0000] Adding exposed port: 8080/tcp                
[36mINFO[0m[0000] No files changed in this command, skipping snapshotting. 
[36mINFO[0m[0000] ENTRYPOINT ["/**-quickstart"]                
[36mINFO[0m[0000] No files changed in this command, skipping snapshotting. 
[36mINFO[0m[0000] Using files from context: [/workspace/source/bin] 
[36mINFO[0m[0000] COPY ./bin/ /                                
[36mINFO[0m[0000] Taking snapshot of files...                  
error pushing image: failed to push to destination eu.gcr.io/wp04-infra-gcp/******/**-quickstart:0.0.1: Get https://eu.gcr.io/v2/token?scope=repository%3Awp04-infra-gcp%2F******%2F**-quickstart%3Apush%2Cpull&service=eu.gcr.io: invoking docker-credential-gcr: exit status 1; output: docker-credential-gcr/helper: could not retrieve GCR's access token: google: error getting credentials using GOOGLE_APPLICATION_CREDENTIALS environment variable: open /kaniko-secret/secret.json: no such file or directory
[31m
Pipeline failed on stage 'from-build-pack' : container 'step-build-container-build'. The execution of the pipeline has stopped.[0m
